This is pdfTeX, Version 3.141592653-2.6-1.40.22 (MiKTeX 21.2) (preloaded format=pdflatex 2021.2.27)  28 JUL 2022 02:40
entering extended mode
**"D:/CPE/Post-Graduate/Thai Beamer.tex"
(D:/CPE/Post-Graduate/Thai Beamer.tex
LaTeX2e <2020-10-01> patch level 4
L3 programming layer <2021-02-06> xparse <2020-03-03>
(C:\Users\KittapatR\AppData\Roaming\MiKTeX\2.9\tex/latex/beamer\beamer.cls
Document Class: beamer 2021/03/19 v3.62 A class for typesetting presentations

(C:\Users\KittapatR\AppData\Roaming\MiKTeX\2.9\tex/latex/beamer\beamerbasemodes
.sty
(C:\Users\KittapatR\AppData\Roaming\MiKTeX\2.9\tex/latex/etoolbox\etoolbox.sty
Package: etoolbox 2020/10/05 v2.5k e-TeX tools for LaTeX (JAW)
\etb@tempcnta=\count177
)
\beamer@tempbox=\box47
\beamer@tempcount=\count178
\c@beamerpauses=\count179

(C:\Users\KittapatR\AppData\Roaming\MiKTeX\2.9\tex/latex/beamer\beamerbasedecod
e.sty
\beamer@slideinframe=\count180
\beamer@minimum=\count181
\beamer@decode@box=\box48
)
\beamer@commentbox=\box49
\beamer@modecount=\count182
)
(C:\Users\KittapatR\AppData\Roaming\MiKTeX\2.9\tex/generic/iftex\ifpdf.sty
Package: ifpdf 2019/10/25 v3.4 ifpdf legacy package. Use iftex instead.

(C:\Users\KittapatR\AppData\Roaming\MiKTeX\2.9\tex/generic/iftex\iftex.sty
Package: iftex 2020/03/06 v1.0d TeX engine tests
))
\headdp=\dimen138
\footheight=\dimen139
\sidebarheight=\dimen140
\beamer@tempdim=\dimen141
\beamer@finalheight=\dimen142
\beamer@animht=\dimen143
\beamer@animdp=\dimen144
\beamer@animwd=\dimen145
\beamer@leftmargin=\dimen146
\beamer@rightmargin=\dimen147
\beamer@leftsidebar=\dimen148
\beamer@rightsidebar=\dimen149
\beamer@boxsize=\dimen150
\beamer@vboxoffset=\dimen151
\beamer@descdefault=\dimen152
\beamer@descriptionwidth=\dimen153
\beamer@lastskip=\skip47
\beamer@areabox=\box50
\beamer@animcurrent=\box51
\beamer@animshowbox=\box52
\beamer@sectionbox=\box53
\beamer@logobox=\box54
\beamer@linebox=\box55
\beamer@sectioncount=\count183
\beamer@subsubsectionmax=\count184
\beamer@subsectionmax=\count185
\beamer@sectionmax=\count186
\beamer@totalheads=\count187
\beamer@headcounter=\count188
\beamer@partstartpage=\count189
\beamer@sectionstartpage=\count190
\beamer@subsectionstartpage=\count191
\beamer@animationtempa=\count192
\beamer@animationtempb=\count193
\beamer@xpos=\count194
\beamer@ypos=\count195
\beamer@ypos@offset=\count196
\beamer@showpartnumber=\count197
\beamer@currentsubsection=\count198
\beamer@coveringdepth=\count199
\beamer@sectionadjust=\count266
\beamer@tocsectionnumber=\count267

(C:\Users\KittapatR\AppData\Roaming\MiKTeX\2.9\tex/latex/beamer\beamerbaseoptio
ns.sty (C:\Program Files\MiKTeX 2.9\tex/latex/graphics\keyval.sty
Package: keyval 2014/10/28 v1.15 key=value parser (DPC)
\KV@toks@=\toks15
))
\beamer@paperwidth=\skip48
\beamer@paperheight=\skip49

(C:\Program Files\MiKTeX 2.9\tex/latex/geometry\geometry.sty
Package: geometry 2020/01/02 v5.9 Page Geometry

(C:\Users\KittapatR\AppData\Roaming\MiKTeX\2.9\tex/generic/iftex\ifvtex.sty
Package: ifvtex 2019/10/25 v1.7 ifvtex legacy package. Use iftex instead.
)
\Gm@cnth=\count268
\Gm@cntv=\count269
\c@Gm@tempcnt=\count270
\Gm@bindingoffset=\dimen154
\Gm@wd@mp=\dimen155
\Gm@odd@mp=\dimen156
\Gm@even@mp=\dimen157
\Gm@layoutwidth=\dimen158
\Gm@layoutheight=\dimen159
\Gm@layouthoffset=\dimen160
\Gm@layoutvoffset=\dimen161
\Gm@dimlist=\toks16

(C:\Program Files\MiKTeX 2.9\tex/latex/geometry\geometry.cfg))
(C:\Program Files\MiKTeX 2.9\tex/latex/base\size10.clo
File: size10.clo 2020/04/10 v1.4m Standard LaTeX file (size option)
)
(C:\Users\KittapatR\AppData\Roaming\MiKTeX\2.9\tex/latex/pgf/basiclayer\pgfcore
.sty (C:\Program Files\MiKTeX 2.9\tex/latex/graphics\graphicx.sty
Package: graphicx 2020/09/09 v1.2b Enhanced LaTeX Graphics (DPC,SPQR)

(C:\Program Files\MiKTeX 2.9\tex/latex/graphics\graphics.sty
Package: graphics 2020/08/30 v1.4c Standard LaTeX Graphics (DPC,SPQR)

(C:\Program Files\MiKTeX 2.9\tex/latex/graphics\trig.sty
Package: trig 2016/01/03 v1.10 sin cos tan (DPC)
)
(C:\Program Files\MiKTeX 2.9\tex/latex/graphics-cfg\graphics.cfg
File: graphics.cfg 2016/06/04 v1.11 sample graphics configuration
)
Package graphics Info: Driver file: pdftex.def on input line 105.

(C:\Program Files\MiKTeX 2.9\tex/latex/graphics-def\pdftex.def
File: pdftex.def 2020/10/05 v1.2a Graphics/color driver for pdftex
))
\Gin@req@height=\dimen162
\Gin@req@width=\dimen163
)
(C:\Users\KittapatR\AppData\Roaming\MiKTeX\2.9\tex/latex/pgf/systemlayer\pgfsys
.sty
(C:\Users\KittapatR\AppData\Roaming\MiKTeX\2.9\tex/latex/pgf/utilities\pgfrcs.s
ty
(C:\Users\KittapatR\AppData\Roaming\MiKTeX\2.9\tex/generic/pgf/utilities\pgfuti
l-common.tex
\pgfutil@everybye=\toks17
\pgfutil@tempdima=\dimen164
\pgfutil@tempdimb=\dimen165

(C:\Users\KittapatR\AppData\Roaming\MiKTeX\2.9\tex/generic/pgf/utilities\pgfuti
l-common-lists.tex))
(C:\Users\KittapatR\AppData\Roaming\MiKTeX\2.9\tex/generic/pgf/utilities\pgfuti
l-latex.def
\pgfutil@abb=\box56
)
(C:\Users\KittapatR\AppData\Roaming\MiKTeX\2.9\tex/generic/pgf/utilities\pgfrcs
.code.tex
(C:\Users\KittapatR\AppData\Roaming\MiKTeX\2.9\tex/generic/pgf\pgf.revision.tex
)
Package: pgfrcs 2020/12/27 v3.1.8b (3.1.8b)
))
(C:\Users\KittapatR\AppData\Roaming\MiKTeX\2.9\tex/generic/pgf/systemlayer\pgfs
ys.code.tex
Package: pgfsys 2020/12/27 v3.1.8b (3.1.8b)

(C:\Users\KittapatR\AppData\Roaming\MiKTeX\2.9\tex/generic/pgf/utilities\pgfkey
s.code.tex
\pgfkeys@pathtoks=\toks18
\pgfkeys@temptoks=\toks19

(C:\Users\KittapatR\AppData\Roaming\MiKTeX\2.9\tex/generic/pgf/utilities\pgfkey
sfiltered.code.tex
\pgfkeys@tmptoks=\toks20
))
\pgf@x=\dimen166
\pgf@y=\dimen167
\pgf@xa=\dimen168
\pgf@ya=\dimen169
\pgf@xb=\dimen170
\pgf@yb=\dimen171
\pgf@xc=\dimen172
\pgf@yc=\dimen173
\pgf@xd=\dimen174
\pgf@yd=\dimen175
\w@pgf@writea=\write3
\r@pgf@reada=\read2
\c@pgf@counta=\count271
\c@pgf@countb=\count272
\c@pgf@countc=\count273
\c@pgf@countd=\count274
\t@pgf@toka=\toks21
\t@pgf@tokb=\toks22
\t@pgf@tokc=\toks23
\pgf@sys@id@count=\count275

(C:\Users\KittapatR\AppData\Roaming\MiKTeX\2.9\tex/generic/pgf/systemlayer\pgf.
cfg
File: pgf.cfg 2020/12/27 v3.1.8b (3.1.8b)
)
Driver file for pgf: pgfsys-pdftex.def

(C:\Users\KittapatR\AppData\Roaming\MiKTeX\2.9\tex/generic/pgf/systemlayer\pgfs
ys-pdftex.def
File: pgfsys-pdftex.def 2020/12/27 v3.1.8b (3.1.8b)

(C:\Users\KittapatR\AppData\Roaming\MiKTeX\2.9\tex/generic/pgf/systemlayer\pgfs
ys-common-pdf.def
File: pgfsys-common-pdf.def 2020/12/27 v3.1.8b (3.1.8b)
)))
(C:\Users\KittapatR\AppData\Roaming\MiKTeX\2.9\tex/generic/pgf/systemlayer\pgfs
yssoftpath.code.tex
File: pgfsyssoftpath.code.tex 2020/12/27 v3.1.8b (3.1.8b)
\pgfsyssoftpath@smallbuffer@items=\count276
\pgfsyssoftpath@bigbuffer@items=\count277
)
(C:\Users\KittapatR\AppData\Roaming\MiKTeX\2.9\tex/generic/pgf/systemlayer\pgfs
ysprotocol.code.tex
File: pgfsysprotocol.code.tex 2020/12/27 v3.1.8b (3.1.8b)
))
(C:\Users\KittapatR\AppData\Roaming\MiKTeX\2.9\tex/latex/xcolor\xcolor.sty
Package: xcolor 2016/05/11 v2.12 LaTeX color extensions (UK)

(C:\Program Files\MiKTeX 2.9\tex/latex/graphics-cfg\color.cfg
File: color.cfg 2016/01/02 v1.6 sample color configuration
)
Package xcolor Info: Driver file: pdftex.def on input line 225.
Package xcolor Info: Model `cmy' substituted by `cmy0' on input line 1348.
Package xcolor Info: Model `hsb' substituted by `rgb' on input line 1352.
Package xcolor Info: Model `RGB' extended on input line 1364.
Package xcolor Info: Model `HTML' substituted by `rgb' on input line 1366.
Package xcolor Info: Model `Hsb' substituted by `hsb' on input line 1367.
Package xcolor Info: Model `tHsb' substituted by `hsb' on input line 1368.
Package xcolor Info: Model `HSB' substituted by `hsb' on input line 1369.
Package xcolor Info: Model `Gray' substituted by `gray' on input line 1370.
Package xcolor Info: Model `wave' substituted by `hsb' on input line 1371.
)
(C:\Users\KittapatR\AppData\Roaming\MiKTeX\2.9\tex/generic/pgf/basiclayer\pgfco
re.code.tex
Package: pgfcore 2020/12/27 v3.1.8b (3.1.8b)

(C:\Users\KittapatR\AppData\Roaming\MiKTeX\2.9\tex/generic/pgf/math\pgfmath.cod
e.tex
(C:\Users\KittapatR\AppData\Roaming\MiKTeX\2.9\tex/generic/pgf/math\pgfmathcalc
.code.tex
(C:\Users\KittapatR\AppData\Roaming\MiKTeX\2.9\tex/generic/pgf/math\pgfmathutil
.code.tex)
(C:\Users\KittapatR\AppData\Roaming\MiKTeX\2.9\tex/generic/pgf/math\pgfmathpars
er.code.tex
\pgfmath@dimen=\dimen176
\pgfmath@count=\count278
\pgfmath@box=\box57
\pgfmath@toks=\toks24
\pgfmath@stack@operand=\toks25
\pgfmath@stack@operation=\toks26
)
(C:\Users\KittapatR\AppData\Roaming\MiKTeX\2.9\tex/generic/pgf/math\pgfmathfunc
tions.code.tex
(C:\Users\KittapatR\AppData\Roaming\MiKTeX\2.9\tex/generic/pgf/math\pgfmathfunc
tions.basic.code.tex)
(C:\Users\KittapatR\AppData\Roaming\MiKTeX\2.9\tex/generic/pgf/math\pgfmathfunc
tions.trigonometric.code.tex)
(C:\Users\KittapatR\AppData\Roaming\MiKTeX\2.9\tex/generic/pgf/math\pgfmathfunc
tions.random.code.tex)
(C:\Users\KittapatR\AppData\Roaming\MiKTeX\2.9\tex/generic/pgf/math\pgfmathfunc
tions.comparison.code.tex)
(C:\Users\KittapatR\AppData\Roaming\MiKTeX\2.9\tex/generic/pgf/math\pgfmathfunc
tions.base.code.tex)
(C:\Users\KittapatR\AppData\Roaming\MiKTeX\2.9\tex/generic/pgf/math\pgfmathfunc
tions.round.code.tex)
(C:\Users\KittapatR\AppData\Roaming\MiKTeX\2.9\tex/generic/pgf/math\pgfmathfunc
tions.misc.code.tex)
(C:\Users\KittapatR\AppData\Roaming\MiKTeX\2.9\tex/generic/pgf/math\pgfmathfunc
tions.integerarithmetics.code.tex)))
(C:\Users\KittapatR\AppData\Roaming\MiKTeX\2.9\tex/generic/pgf/math\pgfmathfloa
t.code.tex
\c@pgfmathroundto@lastzeros=\count279
))
(C:\Users\KittapatR\AppData\Roaming\MiKTeX\2.9\tex/generic/pgf/math\pgfint.code
.tex)
(C:\Users\KittapatR\AppData\Roaming\MiKTeX\2.9\tex/generic/pgf/basiclayer\pgfco
repoints.code.tex
File: pgfcorepoints.code.tex 2020/12/27 v3.1.8b (3.1.8b)
\pgf@picminx=\dimen177
\pgf@picmaxx=\dimen178
\pgf@picminy=\dimen179
\pgf@picmaxy=\dimen180
\pgf@pathminx=\dimen181
\pgf@pathmaxx=\dimen182
\pgf@pathminy=\dimen183
\pgf@pathmaxy=\dimen184
\pgf@xx=\dimen185
\pgf@xy=\dimen186
\pgf@yx=\dimen187
\pgf@yy=\dimen188
\pgf@zx=\dimen189
\pgf@zy=\dimen190
)
(C:\Users\KittapatR\AppData\Roaming\MiKTeX\2.9\tex/generic/pgf/basiclayer\pgfco
repathconstruct.code.tex
File: pgfcorepathconstruct.code.tex 2020/12/27 v3.1.8b (3.1.8b)
\pgf@path@lastx=\dimen191
\pgf@path@lasty=\dimen192
)
(C:\Users\KittapatR\AppData\Roaming\MiKTeX\2.9\tex/generic/pgf/basiclayer\pgfco
repathusage.code.tex
File: pgfcorepathusage.code.tex 2020/12/27 v3.1.8b (3.1.8b)
\pgf@shorten@end@additional=\dimen193
\pgf@shorten@start@additional=\dimen194
)
(C:\Users\KittapatR\AppData\Roaming\MiKTeX\2.9\tex/generic/pgf/basiclayer\pgfco
rescopes.code.tex
File: pgfcorescopes.code.tex 2020/12/27 v3.1.8b (3.1.8b)
\pgfpic=\box58
\pgf@hbox=\box59
\pgf@layerbox@main=\box60
\pgf@picture@serial@count=\count280
)
(C:\Users\KittapatR\AppData\Roaming\MiKTeX\2.9\tex/generic/pgf/basiclayer\pgfco
regraphicstate.code.tex
File: pgfcoregraphicstate.code.tex 2020/12/27 v3.1.8b (3.1.8b)
\pgflinewidth=\dimen195
)
(C:\Users\KittapatR\AppData\Roaming\MiKTeX\2.9\tex/generic/pgf/basiclayer\pgfco
retransformations.code.tex
File: pgfcoretransformations.code.tex 2020/12/27 v3.1.8b (3.1.8b)
\pgf@pt@x=\dimen196
\pgf@pt@y=\dimen197
\pgf@pt@temp=\dimen198
)
(C:\Users\KittapatR\AppData\Roaming\MiKTeX\2.9\tex/generic/pgf/basiclayer\pgfco
requick.code.tex
File: pgfcorequick.code.tex 2020/12/27 v3.1.8b (3.1.8b)
)
(C:\Users\KittapatR\AppData\Roaming\MiKTeX\2.9\tex/generic/pgf/basiclayer\pgfco
reobjects.code.tex
File: pgfcoreobjects.code.tex 2020/12/27 v3.1.8b (3.1.8b)
)
(C:\Users\KittapatR\AppData\Roaming\MiKTeX\2.9\tex/generic/pgf/basiclayer\pgfco
repathprocessing.code.tex
File: pgfcorepathprocessing.code.tex 2020/12/27 v3.1.8b (3.1.8b)
)
(C:\Users\KittapatR\AppData\Roaming\MiKTeX\2.9\tex/generic/pgf/basiclayer\pgfco
rearrows.code.tex
File: pgfcorearrows.code.tex 2020/12/27 v3.1.8b (3.1.8b)
\pgfarrowsep=\dimen199
)
(C:\Users\KittapatR\AppData\Roaming\MiKTeX\2.9\tex/generic/pgf/basiclayer\pgfco
reshade.code.tex
File: pgfcoreshade.code.tex 2020/12/27 v3.1.8b (3.1.8b)
\pgf@max=\dimen256
\pgf@sys@shading@range@num=\count281
\pgf@shadingcount=\count282
)
(C:\Users\KittapatR\AppData\Roaming\MiKTeX\2.9\tex/generic/pgf/basiclayer\pgfco
reimage.code.tex
File: pgfcoreimage.code.tex 2020/12/27 v3.1.8b (3.1.8b)

(C:\Users\KittapatR\AppData\Roaming\MiKTeX\2.9\tex/generic/pgf/basiclayer\pgfco
reexternal.code.tex
File: pgfcoreexternal.code.tex 2020/12/27 v3.1.8b (3.1.8b)
\pgfexternal@startupbox=\box61
))
(C:\Users\KittapatR\AppData\Roaming\MiKTeX\2.9\tex/generic/pgf/basiclayer\pgfco
relayers.code.tex
File: pgfcorelayers.code.tex 2020/12/27 v3.1.8b (3.1.8b)
)
(C:\Users\KittapatR\AppData\Roaming\MiKTeX\2.9\tex/generic/pgf/basiclayer\pgfco
retransparency.code.tex
File: pgfcoretransparency.code.tex 2020/12/27 v3.1.8b (3.1.8b)
)
(C:\Users\KittapatR\AppData\Roaming\MiKTeX\2.9\tex/generic/pgf/basiclayer\pgfco
repatterns.code.tex
File: pgfcorepatterns.code.tex 2020/12/27 v3.1.8b (3.1.8b)
)
(C:\Users\KittapatR\AppData\Roaming\MiKTeX\2.9\tex/generic/pgf/basiclayer\pgfco
rerdf.code.tex
File: pgfcorerdf.code.tex 2020/12/27 v3.1.8b (3.1.8b)
)))
(C:\Users\KittapatR\AppData\Roaming\MiKTeX\2.9\tex/latex/pgf/utilities\xxcolor.
sty
Package: xxcolor 2003/10/24 ver 0.1
\XC@nummixins=\count283
\XC@countmixins=\count284
) (C:\Program Files\MiKTeX 2.9\tex/latex/base\atbegshi-ltx.sty
Package: atbegshi-ltx 2020/08/17 v1.0a Emulation of the original atbegshi packa
ge
with kernel methods
)
(C:\Program Files\MiKTeX 2.9\tex/latex/hyperref\hyperref.sty
Package: hyperref 2021-02-10 v7.00j Hypertext links for LaTeX

(C:\Users\KittapatR\AppData\Roaming\MiKTeX\2.9\tex/generic/ltxcmds\ltxcmds.sty
Package: ltxcmds 2020-05-10 v1.25 LaTeX kernel commands for general use (HO)
)
(C:\Users\KittapatR\AppData\Roaming\MiKTeX\2.9\tex/generic/pdftexcmds\pdftexcmd
s.sty
Package: pdftexcmds 2020-06-27 v0.33 Utility functions of pdfTeX for LuaTeX (HO
)

(C:\Users\KittapatR\AppData\Roaming\MiKTeX\2.9\tex/generic/infwarerr\infwarerr.
sty
Package: infwarerr 2019/12/03 v1.5 Providing info/warning/error messages (HO)
)
Package pdftexcmds Info: \pdf@primitive is available.
Package pdftexcmds Info: \pdf@ifprimitive is available.
Package pdftexcmds Info: \pdfdraftmode found.
)
(C:\Users\KittapatR\AppData\Roaming\MiKTeX\2.9\tex/generic/kvsetkeys\kvsetkeys.
sty
Package: kvsetkeys 2019/12/15 v1.18 Key value parser (HO)
)
(C:\Users\KittapatR\AppData\Roaming\MiKTeX\2.9\tex/generic/kvdefinekeys\kvdefin
ekeys.sty
Package: kvdefinekeys 2019-12-19 v1.6 Define keys (HO)
)
(C:\Users\KittapatR\AppData\Roaming\MiKTeX\2.9\tex/generic/pdfescape\pdfescape.
sty
Package: pdfescape 2019/12/09 v1.15 Implements pdfTeX's escape features (HO)
)
(C:\Users\KittapatR\AppData\Roaming\MiKTeX\2.9\tex/latex/hycolor\hycolor.sty
Package: hycolor 2020-01-27 v1.10 Color options for hyperref/bookmark (HO)
)
(C:\Users\KittapatR\AppData\Roaming\MiKTeX\2.9\tex/latex/letltxmacro\letltxmacr
o.sty
Package: letltxmacro 2019/12/03 v1.6 Let assignment for LaTeX macros (HO)
)
(C:\Users\KittapatR\AppData\Roaming\MiKTeX\2.9\tex/latex/auxhook\auxhook.sty
Package: auxhook 2019-12-17 v1.6 Hooks for auxiliary files (HO)
)
(C:\Users\KittapatR\AppData\Roaming\MiKTeX\2.9\tex/latex/kvoptions\kvoptions.st
y
Package: kvoptions 2020-10-07 v3.14 Key value format for package options (HO)
)
\@linkdim=\dimen257
\Hy@linkcounter=\count285
\Hy@pagecounter=\count286
 (C:\Program Files\MiKTeX 2.9\tex/latex/hyperref\pd1enc.def
File: pd1enc.def 2021-02-10 v7.00j Hyperref: PDFDocEncoding definition (HO)
Now handling font encoding PD1 ...
... no UTF-8 mapping file for font encoding PD1
)
(C:\Program Files\MiKTeX 2.9\tex/latex/hyperref\hyperref-langpatches.def
File: hyperref-langpatches.def 2021-02-10 v7.00j Hyperref: patches for babel la
nguages
)
(C:\Users\KittapatR\AppData\Roaming\MiKTeX\2.9\tex/generic/intcalc\intcalc.sty
Package: intcalc 2019/12/15 v1.3 Expandable calculations with integers (HO)
)
(C:\Users\KittapatR\AppData\Roaming\MiKTeX\2.9\tex/generic/etexcmds\etexcmds.st
y
Package: etexcmds 2019/12/15 v1.7 Avoid name clashes with e-TeX commands (HO)
)
\Hy@SavedSpaceFactor=\count287
 (C:\Program Files\MiKTeX 2.9\tex/latex/hyperref\puenc.def
File: puenc.def 2021-02-10 v7.00j Hyperref: PDF Unicode definition (HO)
Now handling font encoding PU ...
... no UTF-8 mapping file for font encoding PU
)
Package hyperref Info: Option `bookmarks' set `true' on input line 4073.
Package hyperref Info: Option `bookmarksopen' set `true' on input line 4073.
Package hyperref Info: Option `implicit' set `false' on input line 4073.
Package hyperref Info: Hyper figures OFF on input line 4192.
Package hyperref Info: Link nesting OFF on input line 4197.
Package hyperref Info: Hyper index ON on input line 4200.
Package hyperref Info: Plain pages OFF on input line 4207.
Package hyperref Info: Backreferencing OFF on input line 4212.
Package hyperref Info: Implicit mode OFF; no redefinition of LaTeX internals.
Package hyperref Info: Bookmarks ON on input line 4445.
\c@Hy@tempcnt=\count288

(C:\Users\KittapatR\AppData\Roaming\MiKTeX\2.9\tex/latex/url\url.sty
\Urlmuskip=\muskip16
Package: url 2013/09/16  ver 3.4  Verb mode for urls, etc.
)
LaTeX Info: Redefining \url on input line 4804.
\XeTeXLinkMargin=\dimen258

(C:\Users\KittapatR\AppData\Roaming\MiKTeX\2.9\tex/generic/bitset\bitset.sty
Package: bitset 2019/12/09 v1.3 Handle bit-vector datatype (HO)

(C:\Users\KittapatR\AppData\Roaming\MiKTeX\2.9\tex/generic/bigintcalc\bigintcal
c.sty
Package: bigintcalc 2019/12/15 v1.5 Expandable calculations on big integers (HO
)
))
\Fld@menulength=\count289
\Field@Width=\dimen259
\Fld@charsize=\dimen260
Package hyperref Info: Hyper figures OFF on input line 6075.
Package hyperref Info: Link nesting OFF on input line 6080.
Package hyperref Info: Hyper index ON on input line 6083.
Package hyperref Info: backreferencing OFF on input line 6090.
Package hyperref Info: Link coloring OFF on input line 6095.
Package hyperref Info: Link coloring with OCG OFF on input line 6100.
Package hyperref Info: PDF/A mode OFF on input line 6105.
LaTeX Info: Redefining \ref on input line 6145.
LaTeX Info: Redefining \pageref on input line 6149.
\Hy@abspage=\count290


Package hyperref Message: Stopped early.

)
Package hyperref Info: Driver (autodetected): hpdftex.
 (C:\Program Files\MiKTeX 2.9\tex/latex/hyperref\hpdftex.def
File: hpdftex.def 2021-02-10 v7.00j Hyperref driver for pdfTeX

(C:\Program Files\MiKTeX 2.9\tex/latex/base\atveryend-ltx.sty
Package: atveryend-ltx 2020/08/19 v1.0a Emulation of the original atvery packag
e
with kernel methods
)
\Fld@listcount=\count291
\c@bookmark@seq@number=\count292

(C:\Users\KittapatR\AppData\Roaming\MiKTeX\2.9\tex/latex/rerunfilecheck\rerunfi
lecheck.sty
Package: rerunfilecheck 2019/12/05 v1.9 Rerun checks for auxiliary files (HO)

(C:\Users\KittapatR\AppData\Roaming\MiKTeX\2.9\tex/generic/uniquecounter\unique
counter.sty
Package: uniquecounter 2019/12/15 v1.4 Provide unlimited unique counter (HO)
)
Package uniquecounter Info: New unique counter `rerunfilecheck' on input line 2
86.
))
(C:\Users\KittapatR\AppData\Roaming\MiKTeX\2.9\tex/latex/beamer\beamerbaserequi
res.sty
(C:\Users\KittapatR\AppData\Roaming\MiKTeX\2.9\tex/latex/beamer\beamerbasecompa
tibility.sty)
(C:\Users\KittapatR\AppData\Roaming\MiKTeX\2.9\tex/latex/beamer\beamerbasefont.
sty (C:\Program Files\MiKTeX 2.9\tex/latex/amsfonts\amssymb.sty
Package: amssymb 2013/01/14 v3.01 AMS font symbols

(C:\Program Files\MiKTeX 2.9\tex/latex/amsfonts\amsfonts.sty
Package: amsfonts 2013/01/14 v3.01 Basic AMSFonts support
\@emptytoks=\toks27
\symAMSa=\mathgroup4
\symAMSb=\mathgroup5
LaTeX Font Info:    Redeclaring math symbol \hbar on input line 98.
LaTeX Font Info:    Overwriting math alphabet `\mathfrak' in version `bold'
(Font)                  U/euf/m/n --> U/euf/b/n on input line 106.
))
(C:\Users\KittapatR\AppData\Roaming\MiKTeX\2.9\tex/latex/sansmathaccent\sansmat
haccent.sty
Package: sansmathaccent 2020/01/31

(C:\Users\KittapatR\AppData\Roaming\MiKTeX\2.9\tex/latex/koma-script\scrlfile.s
ty
Package: scrlfile 2021/03/17 v3.33 KOMA-Script package (file load hooks)

(C:\Users\KittapatR\AppData\Roaming\MiKTeX\2.9\tex/latex/koma-script\scrlfile-h
ook.sty
Package: scrlfile-hook 2021/03/17 v3.33 KOMA-Script package (using LaTeX hooks)


LaTeX3 Info: Defining command \BeforeFile with sig. 'm' on line 61.


LaTeX3 Info: Defining command \AfterFile with sig. 'm' on line 65.


LaTeX3 Info: Defining command \BeforeClass with sig. 'm' on line 69.


LaTeX3 Info: Defining command \BeforePackage with sig. 'm' on line 73.


LaTeX3 Info: Defining command \AfterAtEndOfClass with sig. 'smo+m' on line 83.


LaTeX3 Info: Defining command \AfterAtEndOfPackage with sig. 'smo+m' on line
(LaTeX3)     93.


LaTeX3 Info: Defining command \scrlfile@AfterClass with sig. 'smo+m' on line
(LaTeX3)     173.


LaTeX3 Info: Defining command \AfterClass with sig. '' on line 174.


LaTeX3 Info: Defining command \scrlfile@AfterPackage with sig. 'smo+m' on line
(LaTeX3)     191.


LaTeX3 Info: Defining command \AfterPackage with sig. '' on line 192.


LaTeX3 Info: Defining command \ReplaceInput with sig. '' on line 193.


LaTeX3 Info: Defining command \ReplaceClass with sig. 'mm' on line 196.


LaTeX3 Info: Defining command \ReplacePackage with sig. 'mm' on line 199.


LaTeX3 Info: Defining command \UnReplaceInput with sig. '' on line 200.


LaTeX3 Info: Defining command \UnReplaceClass with sig. 'm' on line 203.


LaTeX3 Info: Defining command \UnReplacePackage with sig. 'mm' on line 206.


LaTeX3 Info: Defining command \PreventPackageFromLoading with sig. 's+om' on
(LaTeX3)     line 234.


LaTeX3 Info: Defining command \StorePreventPackageFromLoading with sig. 'm' on
(LaTeX3)     line 242.


LaTeX3 Info: Defining command \ResetPreventPackageFromLoading with sig. '' on
(LaTeX3)     line 247.


LaTeX3 Info: Defining command \UnPreventPackageFromLoading with sig. 'sm' on
(LaTeX3)     line 261.


LaTeX3 Info: Defining command \BeforeClosingMainAux with sig. 'om' on line
(LaTeX3)     274.


LaTeX3 Info: Defining command \AfterReadingMainAux with sig. 'om' on line 287.


LaTeX3 Info: Defining command \protected@immediate@write with sig. 'm+m+m' on
(LaTeX3)     line 298.


(C:\Users\KittapatR\AppData\Roaming\MiKTeX\2.9\tex/latex/koma-script\scrlogo.st
y
Package: scrlogo 2021/03/17 v3.33 KOMA-Script package (logo)
)))))
(C:\Users\KittapatR\AppData\Roaming\MiKTeX\2.9\tex/latex/beamer\beamerbasetrans
lator.sty
(C:\Users\KittapatR\AppData\Roaming\MiKTeX\2.9\tex/latex/translator\translator.
sty
Package: translator 2020-08-03 v1.12c Easy translation of strings in LaTeX
))
(C:\Users\KittapatR\AppData\Roaming\MiKTeX\2.9\tex/latex/beamer\beamerbasemisc.
sty)
(C:\Users\KittapatR\AppData\Roaming\MiKTeX\2.9\tex/latex/beamer\beamerbasetwosc
reens.sty)
(C:\Users\KittapatR\AppData\Roaming\MiKTeX\2.9\tex/latex/beamer\beamerbaseoverl
ay.sty
\beamer@argscount=\count293
\beamer@lastskipcover=\skip50
\beamer@trivlistdepth=\count294
)
(C:\Users\KittapatR\AppData\Roaming\MiKTeX\2.9\tex/latex/beamer\beamerbasetitle
.sty)
(C:\Users\KittapatR\AppData\Roaming\MiKTeX\2.9\tex/latex/beamer\beamerbasesecti
on.sty
\c@lecture=\count295
\c@part=\count296
\c@section=\count297
\c@subsection=\count298
\c@subsubsection=\count299
)
(C:\Users\KittapatR\AppData\Roaming\MiKTeX\2.9\tex/latex/beamer\beamerbaseframe
.sty
\beamer@framebox=\box62
\beamer@frametitlebox=\box63
\beamer@zoombox=\box64
\beamer@zoomcount=\count300
\beamer@zoomframecount=\count301
\beamer@frametextheight=\dimen261
\c@subsectionslide=\count302
\beamer@frametopskip=\skip51
\beamer@framebottomskip=\skip52
\beamer@frametopskipautobreak=\skip53
\beamer@framebottomskipautobreak=\skip54
\beamer@envbody=\toks28
\framewidth=\dimen262
\c@framenumber=\count303
)
(C:\Users\KittapatR\AppData\Roaming\MiKTeX\2.9\tex/latex/beamer\beamerbaseverba
tim.sty
\beamer@verbatimfileout=\write4
)
(C:\Users\KittapatR\AppData\Roaming\MiKTeX\2.9\tex/latex/beamer\beamerbaseframe
size.sty
\beamer@splitbox=\box65
\beamer@autobreakcount=\count304
\beamer@autobreaklastheight=\dimen263
\beamer@frametitletoks=\toks29
\beamer@framesubtitletoks=\toks30
)
(C:\Users\KittapatR\AppData\Roaming\MiKTeX\2.9\tex/latex/beamer\beamerbaseframe
components.sty
\beamer@footins=\box66
)
(C:\Users\KittapatR\AppData\Roaming\MiKTeX\2.9\tex/latex/beamer\beamerbasecolor
.sty)
(C:\Users\KittapatR\AppData\Roaming\MiKTeX\2.9\tex/latex/beamer\beamerbasenotes
.sty
\beamer@frameboxcopy=\box67
)
(C:\Users\KittapatR\AppData\Roaming\MiKTeX\2.9\tex/latex/beamer\beamerbasetoc.s
ty)
(C:\Users\KittapatR\AppData\Roaming\MiKTeX\2.9\tex/latex/beamer\beamerbasetempl
ates.sty
\beamer@sbttoks=\toks31

(C:\Users\KittapatR\AppData\Roaming\MiKTeX\2.9\tex/latex/beamer\beamerbaseauxte
mplates.sty
(C:\Users\KittapatR\AppData\Roaming\MiKTeX\2.9\tex/latex/beamer\beamerbaseboxes
.sty
\bmb@box=\box68
\bmb@colorbox=\box69
\bmb@boxwidth=\dimen264
\bmb@boxheight=\dimen265
\bmb@prevheight=\dimen266
\bmb@temp=\dimen267
\bmb@dima=\dimen268
\bmb@dimb=\dimen269
\bmb@prevheight=\dimen270
)
\beamer@blockheadheight=\dimen271
))
(C:\Users\KittapatR\AppData\Roaming\MiKTeX\2.9\tex/latex/beamer\beamerbaselocal
structure.sty
(C:\Users\KittapatR\AppData\Roaming\MiKTeX\2.9\tex/latex/latex-tools\enumerate.
sty
Package: enumerate 2015/07/23 v3.00 enumerate extensions (DPC)
\@enLab=\toks32
)
\beamer@bibiconwidth=\skip55
\c@figure=\count305
\c@table=\count306
\abovecaptionskip=\skip56
\belowcaptionskip=\skip57
)
(C:\Users\KittapatR\AppData\Roaming\MiKTeX\2.9\tex/latex/beamer\beamerbasenavig
ation.sty
\beamer@section@min@dim=\dimen272
)
(C:\Users\KittapatR\AppData\Roaming\MiKTeX\2.9\tex/latex/beamer\beamerbasetheor
ems.sty (C:\Program Files\MiKTeX 2.9\tex/latex/amsmath\amsmath.sty
Package: amsmath 2020/09/23 v2.17i AMS math features
\@mathmargin=\skip58

For additional information on amsmath, use the `?' option.
(C:\Program Files\MiKTeX 2.9\tex/latex/amsmath\amstext.sty
Package: amstext 2000/06/29 v2.01 AMS text

(C:\Program Files\MiKTeX 2.9\tex/latex/amsmath\amsgen.sty
File: amsgen.sty 1999/11/30 v2.0 generic functions
\@emptytoks=\toks33
\ex@=\dimen273
))
(C:\Program Files\MiKTeX 2.9\tex/latex/amsmath\amsbsy.sty
Package: amsbsy 1999/11/29 v1.2d Bold Symbols
\pmbraise@=\dimen274
)
(C:\Program Files\MiKTeX 2.9\tex/latex/amsmath\amsopn.sty
Package: amsopn 2016/03/08 v2.02 operator names
)
\inf@bad=\count307
LaTeX Info: Redefining \frac on input line 234.
\uproot@=\count308
\leftroot@=\count309
LaTeX Info: Redefining \overline on input line 399.
\classnum@=\count310
\DOTSCASE@=\count311
LaTeX Info: Redefining \ldots on input line 496.
LaTeX Info: Redefining \dots on input line 499.
LaTeX Info: Redefining \cdots on input line 620.
\Mathstrutbox@=\box70
\strutbox@=\box71
\big@size=\dimen275
LaTeX Font Info:    Redeclaring font encoding OML on input line 743.
LaTeX Font Info:    Redeclaring font encoding OMS on input line 744.
\macc@depth=\count312
\c@MaxMatrixCols=\count313
\dotsspace@=\muskip17
\c@parentequation=\count314
\dspbrk@lvl=\count315
\tag@help=\toks34
\row@=\count316
\column@=\count317
\maxfields@=\count318
\andhelp@=\toks35
\eqnshift@=\dimen276
\alignsep@=\dimen277
\tagshift@=\dimen278
\tagwidth@=\dimen279
\totwidth@=\dimen280
\lineht@=\dimen281
\@envbody=\toks36
\multlinegap=\skip59
\multlinetaggap=\skip60
\mathdisplay@stack=\toks37
LaTeX Info: Redefining \[ on input line 2923.
LaTeX Info: Redefining \] on input line 2924.
)
(C:\Program Files\MiKTeX 2.9\tex/latex/amscls\amsthm.sty
Package: amsthm 2020/05/29 v2.20.6
\thm@style=\toks38
\thm@bodyfont=\toks39
\thm@headfont=\toks40
\thm@notefont=\toks41
\thm@headpunct=\toks42
\thm@preskip=\skip61
\thm@postskip=\skip62
\thm@headsep=\skip63
\dth@everypar=\toks43
)
\c@theorem=\count319
)
(C:\Users\KittapatR\AppData\Roaming\MiKTeX\2.9\tex/latex/beamer\beamerbasetheme
s.sty))
(C:\Users\KittapatR\AppData\Roaming\MiKTeX\2.9\tex/latex/beamer\beamerthemedefa
ult.sty
(C:\Users\KittapatR\AppData\Roaming\MiKTeX\2.9\tex/latex/beamer\beamerfonttheme
default.sty)
(C:\Users\KittapatR\AppData\Roaming\MiKTeX\2.9\tex/latex/beamer\beamercolorthem
edefault.sty)
(C:\Users\KittapatR\AppData\Roaming\MiKTeX\2.9\tex/latex/beamer\beamerinnerthem
edefault.sty
\beamer@dima=\dimen282
\beamer@dimb=\dimen283
)
(C:\Users\KittapatR\AppData\Roaming\MiKTeX\2.9\tex/latex/beamer\beamerouterthem
edefault.sty))) (C:\Program Files\MiKTeX 2.9\tex/latex/lm\lmodern.sty
Package: lmodern 2009/10/30 v1.6 Latin Modern Fonts
LaTeX Font Info:    Overwriting symbol font `operators' in version `normal'
(Font)                  OT1/cmr/m/n --> OT1/lmr/m/n on input line 22.
LaTeX Font Info:    Overwriting symbol font `letters' in version `normal'
(Font)                  OML/cmm/m/it --> OML/lmm/m/it on input line 23.
LaTeX Font Info:    Overwriting symbol font `symbols' in version `normal'
(Font)                  OMS/cmsy/m/n --> OMS/lmsy/m/n on input line 24.
LaTeX Font Info:    Overwriting symbol font `largesymbols' in version `normal'
(Font)                  OMX/cmex/m/n --> OMX/lmex/m/n on input line 25.
LaTeX Font Info:    Overwriting symbol font `operators' in version `bold'
(Font)                  OT1/cmr/bx/n --> OT1/lmr/bx/n on input line 26.
LaTeX Font Info:    Overwriting symbol font `letters' in version `bold'
(Font)                  OML/cmm/b/it --> OML/lmm/b/it on input line 27.
LaTeX Font Info:    Overwriting symbol font `symbols' in version `bold'
(Font)                  OMS/cmsy/b/n --> OMS/lmsy/b/n on input line 28.
LaTeX Font Info:    Overwriting symbol font `largesymbols' in version `bold'
(Font)                  OMX/cmex/m/n --> OMX/lmex/m/n on input line 29.
LaTeX Font Info:    Overwriting math alphabet `\mathbf' in version `normal'
(Font)                  OT1/cmr/bx/n --> OT1/lmr/bx/n on input line 31.
LaTeX Font Info:    Overwriting math alphabet `\mathsf' in version `normal'
(Font)                  OT1/cmss/m/n --> OT1/lmss/m/n on input line 32.
LaTeX Font Info:    Overwriting math alphabet `\mathit' in version `normal'
(Font)                  OT1/cmr/m/it --> OT1/lmr/m/it on input line 33.
LaTeX Font Info:    Overwriting math alphabet `\mathtt' in version `normal'
(Font)                  OT1/cmtt/m/n --> OT1/lmtt/m/n on input line 34.
LaTeX Font Info:    Overwriting math alphabet `\mathbf' in version `bold'
(Font)                  OT1/cmr/bx/n --> OT1/lmr/bx/n on input line 35.
LaTeX Font Info:    Overwriting math alphabet `\mathsf' in version `bold'
(Font)                  OT1/cmss/bx/n --> OT1/lmss/bx/n on input line 36.
LaTeX Font Info:    Overwriting math alphabet `\mathit' in version `bold'
(Font)                  OT1/cmr/bx/it --> OT1/lmr/bx/it on input line 37.
LaTeX Font Info:    Overwriting math alphabet `\mathtt' in version `bold'
(Font)                  OT1/cmtt/m/n --> OT1/lmtt/m/n on input line 38.
)
(C:\Users\KittapatR\AppData\Roaming\MiKTeX\2.9\tex/latex/pgf/utilities\pgfpages
.sty
Package: pgfpages 2011/01/05 ver 0.02

(C:\Users\KittapatR\AppData\Roaming\MiKTeX\2.9\tex/latex/latex-tools\calc.sty
Package: calc 2017/05/25 v4.3 Infix arithmetic (KKT,FJ)
\calc@Acount=\count320
\calc@Bcount=\count321
\calc@Adimen=\dimen284
\calc@Bdimen=\dimen285
\calc@Askip=\skip64
\calc@Bskip=\skip65
LaTeX Info: Redefining \setlength on input line 80.
LaTeX Info: Redefining \addtolength on input line 81.
\calc@Ccount=\count322
\calc@Cskip=\skip66
)
\pgf@logicalpages=\count323
\pgf@firstshipout=\count324
\pgf@lastshipout=\count325
\pgf@currentshipout=\count326
\pgf@cpn=\count327
\pgf@shipoutnextto=\count328
\pgfphysicalheight=\dimen286
\pgfphysicalwidth=\dimen287
\pgfpages@shipoutbox=\box72
) (C:\Program Files\MiKTeX 2.9\tex/latex/base\fontenc.sty
Package: fontenc 2020/08/10 v2.0s Standard LaTeX package
LaTeX Font Info:    Trying to load font information for T1+lmss on input line 1
12.

(C:\Program Files\MiKTeX 2.9\tex/latex/lm\t1lmss.fd
File: t1lmss.fd 2009/10/30 v1.6 Font defs for Latin Modern
))
(C:\Users\KittapatR\AppData\Roaming\MiKTeX\2.9\tex/latex/fancyhdr\fancyhdr.sty
Package: fancyhdr 2021/01/28 v4.0.1 Extensive control of page headers and foote
rs
\f@nch@headwidth=\skip67
\f@nch@O@elh=\skip68
\f@nch@O@erh=\skip69
\f@nch@O@olh=\skip70
\f@nch@O@orh=\skip71
\f@nch@O@elf=\skip72
\f@nch@O@erf=\skip73
\f@nch@O@olf=\skip74
\f@nch@O@orf=\skip75
)
(C:\Users\KittapatR\AppData\Roaming\MiKTeX\2.9\tex/latex/beamer\beamerfonttheme
professionalfonts.sty)
(C:\Program Files\MiKTeX 2.9\tex/latex/xltxtra\xltxtra.sty
Package: xltxtra 2018/12/31 v0.7 Improvements for the "XeLaTeX" format

(C:\Users\KittapatR\AppData\Roaming\MiKTeX\2.9\tex/generic/iftex\ifluatex.sty
Package: ifluatex 2019/10/25 v1.5 ifluatex legacy package. Use iftex instead.
)
(C:\Users\KittapatR\AppData\Roaming\MiKTeX\2.9\tex/generic/iftex\ifxetex.sty
Package: ifxetex 2019/10/25 v0.7 ifxetex legacy package. Use iftex instead.
)

 ********************************************
 * XeTeX is required to compile this document.
 * Sorry!
 ********************************************

! Emergency stop.
<read *> 
         
l.43 \RequireXeTeX
                  
*** (cannot \read from terminal in nonstop modes)

 
Here is how much of TeX's memory you used:
 19519 strings out of 479653
 358963 string characters out of 2872275
 640496 words of memory out of 3000000
 36254 multiletter control sequences out of 15000+200000
 406505 words of font info for 29 fonts, out of 3000000 for 9000
 1141 hyphenation exceptions out of 8191
 131i,0n,132p,439b,285s stack positions out of 5000i,500n,10000p,200000b,50000s
!  ==> Fatal error occurred, no output PDF file produced!
